[0928/222925:ERROR:process_reader_win.cc(142)] SuspendThread: Acesso negado. (0x5)
[0928/222925:ERROR:process_reader_win.cc(142)] SuspendThread: Acesso negado. (0x5)
[0928/222925:ERROR:exception_snapshot_win.cc(87)] thread ID 14524 not found in process
[0928/222925:ERROR:exception_snapshot_win.cc(87)] thread ID 1804 not found in process
[0928/222925:WARNING:crash_report_exception_handler.cc(56)] ProcessSnapshotWin::Initialize failed
[0928/222925:WARNING:crash_report_exception_handler.cc(56)] ProcessSnapshotWin::Initialize failed
[0928/222925:ERROR:scoped_process_suspend.cc(38)] NtResumeProcess: Tentou-se acessar um processo de saída.  (0xc000010a)
[1003/204236:ERROR:process_info.cc(608)] range at 0x8bb23dc600000000, size 0x2ae fully unreadable
[1003/204236:ERROR:process_info.cc(608)] range at 0x8bb23e2c00000000, size 0x2ae fully unreadable
[1003/204236:ERROR:process_info.cc(608)] range at 0x0, size 0x2ae fully unreadable
[1003/204236:ERROR:process_reader_win.cc(233)] ReadMemory at 0x7ffc951f8000 of 16 bytes failed: Somente uma parte de um pedido ReadProcessMemory ou WriteProcessMemory foi concluída. (0x12B)
[1003/204236:WARNING:pe_image_resource_reader.cc(241)] could not read resource directory from C:\WINDOWS\SYSTEM32\ntdll.dll resources
[1003/204236:ERROR:process_reader_win.cc(233)] ReadMemory at 0x7ffc91ed0000 of 64 bytes failed: Somente uma parte de um pedido ReadProcessMemory ou WriteProcessMemory foi concluída. (0x12B)
[1003/204236:WARNING:pe_image_reader.cc(281)] could not read dos header from C:\WINDOWS\System32\KERNELBASE.dll
[1003/204236:ERROR:process_reader_win.cc(233)] ReadMemory at 0x7ffc94c30000 of 64 bytes failed: Somente uma parte de um pedido ReadProcessMemory ou WriteProcessMemory foi concluída. (0x12B)
[1003/204236:WARNING:pe_image_reader.cc(281)] could not read dos header from C:\WINDOWS\System32\KERNEL32.DLL
[1003/204236:ERROR:process_reader_win.cc(233)] ReadMemory at 0x7ffc8fae0000 of 64 bytes failed: Somente uma parte de um pedido ReadProcessMemory ou WriteProcessMemory foi concluída. (0x12B)
[1003/204236:WARNING:pe_image_reader.cc(281)] could not read dos header from C:\WINDOWS\system32\apphelp.dll
[1003/204236:ERROR:process_reader_win.cc(233)] ReadMemory at 0x7ffc8b5c0000 of 64 bytes failed: Somente uma parte de um pedido ReadProcessMemory ou WriteProcessMemory foi concluída. (0x12B)
[1003/204236:WARNING:pe_image_reader.cc(281)] could not read dos header from C:\WINDOWS\AppPatch\AppPatch64\AcGenral.dll
[1003/204236:ERROR:process_reader_win.cc(233)] ReadMemory at 0x7ffc92c10000 of 64 bytes failed: Somente uma parte de um pedido ReadProcessMemory ou WriteProcessMemory foi concluída. (0x12B)
[1003/204236:WARNING:pe_image_reader.cc(281)] could not read dos header from C:\WINDOWS\System32\msvcrt.dll
[1003/204236:ERROR:process_reader_win.cc(233)] ReadMemory at 0x7ffc94db0000 of 64 bytes failed: Somente uma parte de um pedido ReadProcessMemory ou WriteProcessMemory foi concluída. (0x12B)
[1003/204236:WARNING:pe_image_reader.cc(281)] could not read dos header from C:\WINDOWS\System32\RPCRT4.dll
[1003/204236:ERROR:process_reader_win.cc(233)] ReadMemory at 0x7ffc92ad0000 of 64 bytes failed: Somente uma parte de um pedido ReadProcessMemory ou WriteProcessMemory foi concluída. (0x12B)
[1003/204236:WARNING:pe_image_reader.cc(281)] could not read dos header from C:\WINDOWS\System32\sechost.dll
[1003/204236:ERROR:process_reader_win.cc(233)] ReadMemory at 0x7ffc91160000 of 64 bytes failed: Somente uma parte de um pedido ReadProcessMemory ou WriteProcessMemory foi concluída. (0x12B)
[1003/204236:WARNING:pe_image_reader.cc(281)] could not read dos header from C:\WINDOWS\SYSTEM32\SspiCli.dll
[1003/204236:ERROR:process_reader_win.cc(233)] ReadMemory at 0x7ffc91d30000 of 64 bytes failed: Somente uma parte de um pedido ReadProcessMemory ou WriteProcessMemory foi concluída. (0x12B)
[1003/204236:WARNING:pe_image_reader.cc(281)] could not read dos header from C:\WINDOWS\System32\ucrtbase.dll
[1003/204236:ERROR:process_reader_win.cc(233)] ReadMemory at 0x7ffc925b0000 of 64 bytes failed: Somente uma parte de um pedido ReadProcessMemory ou WriteProcessMemory foi concluída. (0x12B)
[1003/204236:WARNING:pe_image_reader.cc(281)] could not read dos header from C:\WINDOWS\System32\bcryptPrimitives.dll
[1003/204236:ERROR:process_reader_win.cc(233)] ReadMemory at 0x7ffc92620000 of 64 bytes failed: Somente uma parte de um pedido ReadProcessMemory ou WriteProcessMemory foi concluída. (0x12B)
[1003/204236:WARNING:pe_image_reader.cc(281)] could not read dos header from C:\WINDOWS\System32\combase.dll
[1003/204236:ERROR:process_reader_win.cc(233)] ReadMemory at 0x7ffc91630000 of 64 bytes failed: Somente uma parte de um pedido ReadProcessMemory ou WriteProcessMemory foi concluída. (0x12B)
[1003/204236:WARNING:pe_image_reader.cc(281)] could not read dos header from C:\WINDOWS\System32\win32u.dll
[1003/204236:ERROR:process_reader_win.cc(233)] ReadMemory at 0x7ffc931f0000 of 64 bytes failed: Somente uma parte de um pedido ReadProcessMemory ou WriteProcessMemory foi concluída. (0x12B)
[1003/204236:WARNING:pe_image_reader.cc(281)] could not read dos header from C:\WINDOWS\System32\USER32.dll
[1003/204236:ERROR:process_reader_win.cc(233)] ReadMemory at 0x7ffc92150000 of 64 bytes failed: Somente uma parte de um pedido ReadProcessMemory ou WriteProcessMemory foi concluída. (0x12B)
[1003/204236:WARNING:pe_image_reader.cc(281)] could not read dos header from C:\WINDOWS\System32\gdi32full.dll
[1003/204236:ERROR:process_reader_win.cc(233)] ReadMemory at 0x7ffc92a90000 of 64 bytes failed: Somente uma parte de um pedido ReadProcessMemory ou WriteProcessMemory foi concluída. (0x12B)
[1003/204236:WARNING:pe_image_reader.cc(281)] could not read dos header from C:\WINDOWS\System32\GDI32.dll
[1003/204236:ERROR:process_reader_win.cc(233)] ReadMemory at 0x7ffc94d80000 of 64 bytes failed: Somente uma parte de um pedido ReadProcessMemory ou WriteProcessMemory foi concluída. (0x12B)
[1003/204236:WARNING:pe_image_reader.cc(281)] could not read dos header from C:\WINDOWS\System32\IMM32.DLL
[1003/204236:ERROR:process_reader_win.cc(233)] ReadMemory at 0x7ffc95030000 of 64 bytes failed: Somente uma parte de um pedido ReadProcessMemory ou WriteProcessMemory foi concluída. (0x12B)
[1003/204236:WARNING:pe_image_reader.cc(281)] could not read dos header from C:\WINDOWS\System32\SHLWAPI.dll
[1003/204236:ERROR:process_reader_win.cc(233)] ReadMemory at 0x7ffc93470000 of 64 bytes failed: Somente uma parte de um pedido ReadProcessMemory ou WriteProcessMemory foi concluída. (0x12B)
[1003/204236:WARNING:pe_image_reader.cc(281)] could not read dos header from C:\WINDOWS\System32\ole32.dll
[1003/204236:ERROR:process_reader_win.cc(233)] ReadMemory at 0x7ffc922e0000 of 64 bytes failed: Somente uma parte de um pedido ReadProcessMemory ou WriteProcessMemory foi concluída. (0x12B)
[1003/204236:WARNING:pe_image_reader.cc(281)] could not read dos header from C:\WINDOWS\System32\cfgmgr32.dll
[1003/204236:ERROR:process_reader_win.cc(233)] ReadMemory at 0x7ffc91530000 of 64 bytes failed: Somente uma parte de um pedido ReadProcessMemory ou WriteProcessMemory foi concluída. (0x12B)
[1003/204236:WARNING:pe_image_reader.cc(281)] could not read dos header from C:\WINDOWS\System32\powrprof.dll
[1003/204236:ERROR:process_reader_win.cc(233)] ReadMemory at 0x7ffc93140000 of 64 bytes failed: Somente uma parte de um pedido ReadProcessMemory ou WriteProcessMemory foi concluída. (0x12B)
[1003/204236:WARNING:pe_image_reader.cc(281)] could not read dos header from C:\WINDOWS\System32\advapi32.dll
[1003/204236:ERROR:process_reader_win.cc(233)] ReadMemory at 0x7ffc91520000 of 64 bytes failed: Somente uma parte de um pedido ReadProcessMemory ou WriteProcessMemory foi concluída. (0x12B)
[1003/204236:WARNING:pe_image_reader.cc(281)] could not read dos header from C:\WINDOWS\System32\kernel.appcore.dll
[1003/204236:ERROR:process_reader_win.cc(233)] ReadMemory at 0x7ffc92330000 of 64 bytes failed: Somente uma parte de um pedido ReadProcessMemory ou WriteProcessMemory foi concluída. (0x12B)
[1003/204236:WARNING:pe_image_reader.cc(281)] could not read dos header from C:\WINDOWS\System32\shcore.dll
[1003/204236:ERROR:process_reader_win.cc(233)] ReadMemory at 0x7ffc914f0000 of 64 bytes failed: Somente uma parte de um pedido ReadProcessMemory ou WriteProcessMemory foi concluída. (0x12B)
[1003/204236:WARNING:pe_image_reader.cc(281)] could not read dos header from C:\WINDOWS\System32\profapi.dll
[1003/204236:ERROR:process_reader_win.cc(233)] ReadMemory at 0x7ffc91650000 of 64 bytes failed: Somente uma parte de um pedido ReadProcessMemory ou WriteProcessMemory foi concluída. (0x12B)
[1003/204236:WARNING:pe_image_reader.cc(281)] could not read dos header from C:\WINDOWS\System32\windows.storage.dll
[1003/204236:ERROR:process_reader_win.cc(233)] ReadMemory at 0x7ffc93720000 of 64 bytes failed: Somente uma parte de um pedido ReadProcessMemory ou WriteProcessMemory foi concluída. (0x12B)
[1003/204236:WARNING:pe_image_reader.cc(281)] could not read dos header from C:\WINDOWS\System32\SHELL32.dll
[1003/204236:ERROR:process_reader_win.cc(233)] ReadMemory at 0x7ffc90e40000 of 64 bytes failed: Somente uma parte de um pedido ReadProcessMemory ou WriteProcessMemory foi concluída. (0x12B)
[1003/204236:WARNING:pe_image_reader.cc(281)] could not read dos header from C:\WINDOWS\SYSTEM32\USERENV.dll
[1003/204236:ERROR:process_reader_win.cc(233)] ReadMemory at 0x7ffc8d510000 of 64 bytes failed: Somente uma parte de um pedido ReadProcessMemory ou WriteProcessMemory foi concluída. (0x12B)
[1003/204236:WARNING:pe_image_reader.cc(281)] could not read dos header from C:\WINDOWS\SYSTEM32\MPR.dll
[1003/204236:ERROR:process_reader_win.cc(233)] ReadMemory at 0x7ffc90f80000 of 64 bytes failed: Somente uma parte de um pedido ReadProcessMemory ou WriteProcessMemory foi concluída. (0x12B)
[1003/204236:WARNING:pe_image_reader.cc(281)] could not read dos header from C:\WINDOWS\SYSTEM32\CRYPTBASE.DLL
[1003/204236:ERROR:process_reader_win.cc(233)] ReadMemory at 0x7ffc8b560000 of 64 bytes failed: Somente uma parte de um pedido ReadProcessMemory ou WriteProcessMemory foi concluída. (0x12B)
[1003/204236:WARNING:pe_image_reader.cc(281)] could not read dos header from C:\Program Files (x86)\Google\Chrome\Application\53.0.2785.116\chrome_elf.dll
[1003/204236:ERROR:process_reader_win.cc(233)] ReadMemory at 0x7ffc8d6e0000 of 64 bytes failed: Somente uma parte de um pedido ReadProcessMemory ou WriteProcessMemory foi concluída. (0x12B)
[1003/204236:WARNING:pe_image_reader.cc(281)] could not read dos header from C:\WINDOWS\SYSTEM32\VERSION.dll
[1003/204236:ERROR:process_reader_win.cc(233)] ReadMemory at 0x7ffc8f840000 of 64 bytes failed: Somente uma parte de um pedido ReadProcessMemory ou WriteProcessMemory foi concluída. (0x12B)
[1003/204236:WARNING:pe_image_reader.cc(281)] could not read dos header from C:\WINDOWS\SYSTEM32\WINMMBASE.dll
[1003/204236:ERROR:process_reader_win.cc(233)] ReadMemory at 0x7ffc8f8a0000 of 64 bytes failed: Somente uma parte de um pedido ReadProcessMemory ou WriteProcessMemory foi concluída. (0x12B)
[1003/204236:WARNING:pe_image_reader.cc(281)] could not read dos header from C:\WINDOWS\SYSTEM32\WINMM.dll
[1003/204236:ERROR:process_reader_win.cc(233)] ReadMemory at 0x7ffc8f160000 of 64 bytes failed: Somente uma parte de um pedido ReadProcessMemory ou WriteProcessMemory foi concluída. (0x12B)
[1003/204236:WARNING:pe_image_reader.cc(281)] could not read dos header from C:\WINDOWS\SYSTEM32\WTSAPI32.dll
[1003/204236:ERROR:process_reader_win.cc(233)] ReadMemory at 0x7ffc85720000 of 64 bytes failed: Somente uma parte de um pedido ReadProcessMemory ou WriteProcessMemory foi concluída. (0x12B)
[1003/204236:WARNING:pe_image_reader.cc(281)] could not read dos header from C:\WINDOWS\SYSTEM32\WINHTTP.dll
[1003/204236:ERROR:process_reader_win.cc(233)] ReadMemory at 0x7ffc91e30000 of 64 bytes failed: Somente uma parte de um pedido ReadProcessMemory ou WriteProcessMemory foi concluída. (0x12B)
[1003/204236:WARNING:pe_image_reader.cc(281)] could not read dos header from C:\WINDOWS\System32\msvcp_win.dll
[1003/204236:ERROR:process_reader_win.cc(233)] ReadMemory at 0x7ffc94f70000 of 64 bytes failed: Somente uma parte de um pedido ReadProcessMemory ou WriteProcessMemory foi concluída. (0x12B)
[1003/204236:WARNING:pe_image_reader.cc(281)] could not read dos header from C:\WINDOWS\System32\OLEAUT32.dll
[1003/204236:ERROR:process_reader_win.cc(233)] ReadMemory at 0x7ffc8c080000 of 64 bytes failed: Somente uma parte de um pedido ReadProcessMemory ou WriteProcessMemory foi concluída. (0x12B)
[1003/204236:WARNING:pe_image_reader.cc(281)] could not read dos header from C:\WINDOWS\SYSTEM32\ninput.dll
[1003/204236:ERROR:process_reader_win.cc(233)] ReadMemory at 0x7ffc93460000 of 64 bytes failed: Somente uma parte de um pedido ReadProcessMemory ou WriteProcessMemory foi concluída. (0x12B)
[1003/204236:WARNING:pe_image_reader.cc(281)] could not read dos header from C:\WINDOWS\System32\PSAPI.DLL
[1003/204236:ERROR:process_reader_win.cc(233)] ReadMemory at 0x7ffc91430000 of 64 bytes failed: Somente uma parte de um pedido ReadProcessMemory ou WriteProcessMemory foi concluída. (0x12B)
[1003/204236:WARNING:pe_image_reader.cc(281)] could not read dos header from C:\WINDOWS\SYSTEM32\bcrypt.dll
[1003/204236:ERROR:process_reader_win.cc(233)] ReadMemory at 0x7ffc8d060000 of 64 bytes failed: Somente uma parte de um pedido ReadProcessMemory ou WriteProcessMemory foi concluída. (0x12B)
[1003/204236:WARNING:pe_image_reader.cc(281)] could not read dos header from C:\WINDOWS\SYSTEM32\WINSPOOL.DRV
[1003/204236:ERROR:process_reader_win.cc(233)] ReadMemory at 0x7ffc8a600000 of 64 bytes failed: Somente uma parte de um pedido ReadProcessMemory ou WriteProcessMemory foi concluída. (0x12B)
[1003/204236:WARNING:pe_image_reader.cc(281)] could not read dos header from C:\WINDOWS\WinSxS\amd64_microsoft.windows.common-controls_6595b64144ccf1df_6.0.14393.0_none_2d0f50fcbdb171b8\COMCTL32.dll
[1003/204236:ERROR:process_reader_win.cc(233)] ReadMemory at 0x7ffc93360000 of 64 bytes failed: Somente uma parte de um pedido ReadProcessMemory ou WriteProcessMemory foi concluída. (0x12B)
[1003/204236:WARNING:pe_image_reader.cc(281)] could not read dos header from C:\WINDOWS\System32\COMDLG32.dll
[1003/204236:ERROR:process_reader_win.cc(233)] ReadMemory at 0x7ffc90990000 of 64 bytes failed: Somente uma parte de um pedido ReadProcessMemory ou WriteProcessMemory foi concluída. (0x12B)
[1003/204236:WARNING:pe_image_reader.cc(281)] could not read dos header from C:\WINDOWS\SYSTEM32\IPHLPAPI.DLL
[1003/204236:ERROR:process_reader_win.cc(233)] ReadMemory at 0x7ffc92b30000 of 64 bytes failed: Somente uma parte de um pedido ReadProcessMemory ou WriteProcessMemory foi concluída. (0x12B)
[1003/204236:WARNING:pe_image_reader.cc(281)] could not read dos header from C:\WINDOWS\System32\WS2_32.dll
[1003/204236:ERROR:process_reader_win.cc(233)] ReadMemory at 0x7ffc8c040000 of 64 bytes failed: Somente uma parte de um pedido ReadProcessMemory ou WriteProcessMemory foi concluída. (0x12B)
[1003/204236:WARNING:pe_image_reader.cc(281)] could not read dos header from C:\WINDOWS\SYSTEM32\USP10.dll
[1003/204236:ERROR:process_reader_win.cc(233)] ReadMemory at 0x7ffc91510000 of 64 bytes failed: Somente uma parte de um pedido ReadProcessMemory ou WriteProcessMemory foi concluída. (0x12B)
[1003/204236:WARNING:pe_image_reader.cc(281)] could not read dos header from C:\WINDOWS\System32\MSASN1.dll
[1003/204236:ERROR:process_reader_win.cc(233)] ReadMemory at 0x7ffc923e0000 of 64 bytes failed: Somente uma parte de um pedido ReadProcessMemory ou WriteProcessMemory foi concluída. (0x12B)
[1003/204236:WARNING:pe_image_reader.cc(281)] could not read dos header from C:\WINDOWS\System32\CRYPT32.dll
[1003/204236:ERROR:process_reader_win.cc(233)] ReadMemory at 0x7ffc920f0000 of 64 bytes failed: Somente uma parte de um pedido ReadProcessMemory ou WriteProcessMemory foi concluída. (0x12B)
[1003/204236:WARNING:pe_image_reader.cc(281)] could not read dos header from C:\WINDOWS\System32\WINTRUST.dll
[1003/204236:ERROR:process_reader_win.cc(233)] ReadMemory at 0x7ffc8eb10000 of 64 bytes failed: Somente uma parte de um pedido ReadProcessMemory ou WriteProcessMemory foi concluída. (0x12B)
[1003/204236:WARNING:pe_image_reader.cc(281)] could not read dos header from C:\WINDOWS\SYSTEM32\Secur32.dll
[1003/204236:ERROR:process_reader_win.cc(233)] ReadMemory at 0x7ffc5ade0000 of 64 bytes failed: Somente uma parte de um pedido ReadProcessMemory ou WriteProcessMemory foi concluída. (0x12B)
[1003/204236:WARNING:pe_image_reader.cc(281)] could not read dos header from C:\Program Files (x86)\Google\Chrome\Application\53.0.2785.116\chrome_child.dll
[1003/204236:ERROR:process_reader_win.cc(233)] ReadMemory at 0x7ffc8b620000 of 64 bytes failed: Somente uma parte de um pedido ReadProcessMemory ou WriteProcessMemory foi concluída. (0x12B)
[1003/204236:WARNING:pe_image_reader.cc(281)] could not read dos header from C:\WINDOWS\SYSTEM32\dwrite.dll
[1003/204236:ERROR:process_reader_win.cc(233)] ReadMemory at 0x7ff7025a0000 of 64 bytes failed: Somente uma parte de um pedido ReadProcessMemory ou WriteProcessMemory foi concluída. (0x12B)
[1003/204236:WARNING:pe_image_reader.cc(281)] could not read dos header from C:\Program Files (x86)\Google\Chrome\Application\chrome.exe
[1003/204236:ERROR:process_reader_win.cc(233)] ReadMemory at 0x7ffc95090000 of 64 bytes failed: Somente uma parte de um pedido ReadProcessMemory ou WriteProcessMemory foi concluída. (0x12B)
[1003/204236:WARNING:pe_image_reader.cc(281)] could not read dos header from C:\WINDOWS\SYSTEM32\ntdll.dll
[1003/204236:ERROR:process_reader_win.cc(233)] ReadMemory at 0x7ffc91ed0000 of 64 bytes failed: Somente uma parte de um pedido ReadProcessMemory ou WriteProcessMemory foi concluída. (0x12B)
[1003/204236:WARNING:pe_image_reader.cc(281)] could not read dos header from C:\WINDOWS\System32\KERNELBASE.dll
[1003/204236:ERROR:process_reader_win.cc(233)] ReadMemory at 0x7ffc94c30000 of 64 bytes failed: Somente uma parte de um pedido ReadProcessMemory ou WriteProcessMemory foi concluída. (0x12B)
[1003/204236:WARNING:pe_image_reader.cc(281)] could not read dos header from C:\WINDOWS\System32\KERNEL32.DLL
[1003/204236:ERROR:process_reader_win.cc(233)] ReadMemory at 0x7ffc8fae0000 of 64 bytes failed: Somente uma parte de um pedido ReadProcessMemory ou WriteProcessMemory foi concluída. (0x12B)
[1003/204236:WARNING:pe_image_reader.cc(281)] could not read dos header from C:\WINDOWS\system32\apphelp.dll
[1003/204236:ERROR:process_reader_win.cc(233)] ReadMemory at 0x7ffc8b5c0000 of 64 bytes failed: Somente uma parte de um pedido ReadProcessMemory ou WriteProcessMemory foi concluída. (0x12B)
[1003/204236:WARNING:pe_image_reader.cc(281)] could not read dos header from C:\WINDOWS\AppPatch\AppPatch64\AcGenral.dll
[1003/204236:ERROR:process_reader_win.cc(233)] ReadMemory at 0x7ffc92c10000 of 64 bytes failed: Somente uma parte de um pedido ReadProcessMemory ou WriteProcessMemory foi concluída. (0x12B)
[1003/204236:WARNING:pe_image_reader.cc(281)] could not read dos header from C:\WINDOWS\System32\msvcrt.dll
[1003/204236:ERROR:process_reader_win.cc(233)] ReadMemory at 0x7ffc94db0000 of 64 bytes failed: Somente uma parte de um pedido ReadProcessMemory ou WriteProcessMemory foi concluída. (0x12B)
[1003/204236:WARNING:pe_image_reader.cc(281)] could not read dos header from C:\WINDOWS\System32\RPCRT4.dll
[1003/204236:ERROR:process_reader_win.cc(233)] ReadMemory at 0x7ffc92ad0000 of 64 bytes failed: Somente uma parte de um pedido ReadProcessMemory ou WriteProcessMemory foi concluída. (0x12B)
[1003/204236:WARNING:pe_image_reader.cc(281)] could not read dos header from C:\WINDOWS\System32\sechost.dll
[1003/204236:ERROR:process_reader_win.cc(233)] ReadMemory at 0x7ffc91160000 of 64 bytes failed: Somente uma parte de um pedido ReadProcessMemory ou WriteProcessMemory foi concluída. (0x12B)
[1003/204236:WARNING:pe_image_reader.cc(281)] could not read dos header from C:\WINDOWS\SYSTEM32\SspiCli.dll
[1003/204236:ERROR:process_reader_win.cc(233)] ReadMemory at 0x7ffc91d30000 of 64 bytes failed: Somente uma parte de um pedido ReadProcessMemory ou WriteProcessMemory foi concluída. (0x12B)
[1003/204236:WARNING:pe_image_reader.cc(281)] could not read dos header from C:\WINDOWS\System32\ucrtbase.dll
[1003/204236:ERROR:process_reader_win.cc(233)] ReadMemory at 0x7ffc925b0000 of 64 bytes failed: Somente uma parte de um pedido ReadProcessMemory ou WriteProcessMemory foi concluída. (0x12B)
[1003/204236:WARNING:pe_image_reader.cc(281)] could not read dos header from C:\WINDOWS\System32\bcryptPrimitives.dll
[1003/204236:ERROR:process_reader_win.cc(233)] ReadMemory at 0x7ffc92620000 of 64 bytes failed: Somente uma parte de um pedido ReadProcessMemory ou WriteProcessMemory foi concluída. (0x12B)
[1003/204236:WARNING:pe_image_reader.cc(281)] could not read dos header from C:\WINDOWS\System32\combase.dll
[1003/204236:ERROR:process_reader_win.cc(233)] ReadMemory at 0x7ffc91630000 of 64 bytes failed: Somente uma parte de um pedido ReadProcessMemory ou WriteProcessMemory foi concluída. (0x12B)
[1003/204236:WARNING:pe_image_reader.cc(281)] could not read dos header from C:\WINDOWS\System32\win32u.dll
[1003/204236:ERROR:process_reader_win.cc(233)] ReadMemory at 0x7ffc931f0000 of 64 bytes failed: Somente uma parte de um pedido ReadProcessMemory ou WriteProcessMemory foi concluída. (0x12B)
[1003/204236:WARNING:pe_image_reader.cc(281)] could not read dos header from C:\WINDOWS\System32\USER32.dll
[1003/204236:ERROR:process_reader_win.cc(233)] ReadMemory at 0x7ffc92150000 of 64 bytes failed: Somente uma parte de um pedido ReadProcessMemory ou WriteProcessMemory foi concluída. (0x12B)
[1003/204236:WARNING:pe_image_reader.cc(281)] could not read dos header from C:\WINDOWS\System32\gdi32full.dll
[1003/204236:ERROR:process_reader_win.cc(233)] ReadMemory at 0x7ffc92a90000 of 64 bytes failed: Somente uma parte de um pedido ReadProcessMemory ou WriteProcessMemory foi concluída. (0x12B)
[1003/204236:WARNING:pe_image_reader.cc(281)] could not read dos header from C:\WINDOWS\System32\GDI32.dll
[1003/204236:ERROR:process_reader_win.cc(233)] ReadMemory at 0x7ffc94d80000 of 64 bytes failed: Somente uma parte de um pedido ReadProcessMemory ou WriteProcessMemory foi concluída. (0x12B)
[1003/204236:WARNING:pe_image_reader.cc(281)] could not read dos header from C:\WINDOWS\System32\IMM32.DLL
[1003/204236:ERROR:process_reader_win.cc(233)] ReadMemory at 0x7ffc95030000 of 64 bytes failed: Somente uma parte de um pedido ReadProcessMemory ou WriteProcessMemory foi concluída. (0x12B)
[1003/204236:WARNING:pe_image_reader.cc(281)] could not read dos header from C:\WINDOWS\System32\SHLWAPI.dll
[1003/204236:ERROR:process_reader_win.cc(233)] ReadMemory at 0x7ffc93470000 of 64 bytes failed: Somente uma parte de um pedido ReadProcessMemory ou WriteProcessMemory foi concluída. (0x12B)
[1003/204236:WARNING:pe_image_reader.cc(281)] could not read dos header from C:\WINDOWS\System32\ole32.dll
[1003/204236:ERROR:process_reader_win.cc(233)] ReadMemory at 0x7ffc922e0000 of 64 bytes failed: Somente uma parte de um pedido ReadProcessMemory ou WriteProcessMemory foi concluída. (0x12B)
[1003/204236:WARNING:pe_image_reader.cc(281)] could not read dos header from C:\WINDOWS\System32\cfgmgr32.dll
[1003/204236:ERROR:process_reader_win.cc(233)] ReadMemory at 0x7ffc91530000 of 64 bytes failed: Somente uma parte de um pedido ReadProcessMemory ou WriteProcessMemory foi concluída. (0x12B)
[1003/204236:WARNING:pe_image_reader.cc(281)] could not read dos header from C:\WINDOWS\System32\powrprof.dll
[1003/204236:ERROR:process_reader_win.cc(233)] ReadMemory at 0x7ffc93140000 of 64 bytes failed: Somente uma parte de um pedido ReadProcessMemory ou WriteProcessMemory foi concluída. (0x12B)
[1003/204236:WARNING:pe_image_reader.cc(281)] could not read dos header from C:\WINDOWS\System32\advapi32.dll
[1003/204236:ERROR:process_reader_win.cc(233)] ReadMemory at 0x7ffc91520000 of 64 bytes failed: Somente uma parte de um pedido ReadProcessMemory ou WriteProcessMemory foi concluída. (0x12B)
[1003/204236:WARNING:pe_image_reader.cc(281)] could not read dos header from C:\WINDOWS\System32\kernel.appcore.dll
[1003/204236:ERROR:process_reader_win.cc(233)] ReadMemory at 0x7ffc92330000 of 64 bytes failed: Somente uma parte de um pedido ReadProcessMemory ou WriteProcessMemory foi concluída. (0x12B)
[1003/204236:WARNING:pe_image_reader.cc(281)] could not read dos header from C:\WINDOWS\System32\shcore.dll
[1003/204236:ERROR:process_reader_win.cc(233)] ReadMemory at 0x7ffc914f0000 of 64 bytes failed: Somente uma parte de um pedido ReadProcessMemory ou WriteProcessMemory foi concluída. (0x12B)
[1003/204236:WARNING:pe_image_reader.cc(281)] could not read dos header from C:\WINDOWS\System32\profapi.dll
[1003/204236:ERROR:process_reader_win.cc(233)] ReadMemory at 0x7ffc91650000 of 64 bytes failed: Somente uma parte de um pedido ReadProcessMemory ou WriteProcessMemory foi concluída. (0x12B)
[1003/204236:WARNING:pe_image_reader.cc(281)] could not read dos header from C:\WINDOWS\System32\windows.storage.dll
[1003/204236:ERROR:process_reader_win.cc(233)] ReadMemory at 0x7ffc93720000 of 64 bytes failed: Somente uma parte de um pedido ReadProcessMemory ou WriteProcessMemory foi concluída. (0x12B)
[1003/204236:WARNING:pe_image_reader.cc(281)] could not read dos header from C:\WINDOWS\System32\SHELL32.dll
[1003/204236:ERROR:process_reader_win.cc(233)] ReadMemory at 0x7ffc90e40000 of 64 bytes failed: Somente uma parte de um pedido ReadProcessMemory ou WriteProcessMemory foi concluída. (0x12B)
[1003/204236:WARNING:pe_image_reader.cc(281)] could not read dos header from C:\WINDOWS\SYSTEM32\USERENV.dll
[1003/204236:ERROR:process_reader_win.cc(233)] ReadMemory at 0x7ffc8d510000 of 64 bytes failed: Somente uma parte de um pedido ReadProcessMemory ou WriteProcessMemory foi concluída. (0x12B)
[1003/204236:WARNING:pe_image_reader.cc(281)] could not read dos header from C:\WINDOWS\SYSTEM32\MPR.dll
[1003/204236:ERROR:process_reader_win.cc(233)] ReadMemory at 0x7ffc90f80000 of 64 bytes failed: Somente uma parte de um pedido ReadProcessMemory ou WriteProcessMemory foi concluída. (0x12B)
[1003/204236:WARNING:pe_image_reader.cc(281)] could not read dos header from C:\WINDOWS\SYSTEM32\CRYPTBASE.DLL
[1003/204236:ERROR:process_reader_win.cc(233)] ReadMemory at 0x7ffc8b560000 of 64 bytes failed: Somente uma parte de um pedido ReadProcessMemory ou WriteProcessMemory foi concluída. (0x12B)
[1003/204236:WARNING:pe_image_reader.cc(281)] could not read dos header from C:\Program Files (x86)\Google\Chrome\Application\53.0.2785.116\chrome_elf.dll
[1003/204236:ERROR:process_reader_win.cc(233)] ReadMemory at 0x7ffc8d6e0000 of 64 bytes failed: Somente uma parte de um pedido ReadProcessMemory ou WriteProcessMemory foi concluída. (0x12B)
[1003/204236:WARNING:pe_image_reader.cc(281)] could not read dos header from C:\WINDOWS\SYSTEM32\VERSION.dll
[1003/204236:ERROR:process_reader_win.cc(233)] ReadMemory at 0x7ffc8f840000 of 64 bytes failed: Somente uma parte de um pedido ReadProcessMemory ou WriteProcessMemory foi concluída. (0x12B)
[1003/204236:WARNING:pe_image_reader.cc(281)] could not read dos header from C:\WINDOWS\SYSTEM32\WINMMBASE.dll
[1003/204236:ERROR:process_reader_win.cc(233)] ReadMemory at 0x7ffc8f8a0000 of 64 bytes failed: Somente uma parte de um pedido ReadProcessMemory ou WriteProcessMemory foi concluída. (0x12B)
[1003/204236:WARNING:pe_image_reader.cc(281)] could not read dos header from C:\WINDOWS\SYSTEM32\WINMM.dll
[1003/204236:ERROR:process_reader_win.cc(233)] ReadMemory at 0x7ffc8f160000 of 64 bytes failed: Somente uma parte de um pedido ReadProcessMemory ou WriteProcessMemory foi concluída. (0x12B)
[1003/204236:WARNING:pe_image_reader.cc(281)] could not read dos header from C:\WINDOWS\SYSTEM32\WTSAPI32.dll
[1003/204236:ERROR:process_reader_win.cc(233)] ReadMemory at 0x7ffc85720000 of 64 bytes failed: Somente uma parte de um pedido ReadProcessMemory ou WriteProcessMemory foi concluída. (0x12B)
[1003/204236:WARNING:pe_image_reader.cc(281)] could not read dos header from C:\WINDOWS\SYSTEM32\WINHTTP.dll
[1003/204236:ERROR:process_reader_win.cc(233)] ReadMemory at 0x7ffc91e30000 of 64 bytes failed: Somente uma parte de um pedido ReadProcessMemory ou WriteProcessMemory foi concluída. (0x12B)
[1003/204236:WARNING:pe_image_reader.cc(281)] could not read dos header from C:\WINDOWS\System32\msvcp_win.dll
[1003/204236:ERROR:process_reader_win.cc(233)] ReadMemory at 0x7ffc94f70000 of 64 bytes failed: Somente uma parte de um pedido ReadProcessMemory ou WriteProcessMemory foi concluída. (0x12B)
[1003/204236:WARNING:pe_image_reader.cc(281)] could not read dos header from C:\WINDOWS\System32\OLEAUT32.dll
[1003/204236:ERROR:process_reader_win.cc(233)] ReadMemory at 0x7ffc8c080000 of 64 bytes failed: Somente uma parte de um pedido ReadProcessMemory ou WriteProcessMemory foi concluída. (0x12B)
[1003/204236:WARNING:pe_image_reader.cc(281)] could not read dos header from C:\WINDOWS\SYSTEM32\ninput.dll
[1003/204236:ERROR:process_reader_win.cc(233)] ReadMemory at 0x7ffc93460000 of 64 bytes failed: Somente uma parte de um pedido ReadProcessMemory ou WriteProcessMemory foi concluída. (0x12B)
[1003/204236:WARNING:pe_image_reader.cc(281)] could not read dos header from C:\WINDOWS\System32\PSAPI.DLL
[1003/204236:ERROR:process_reader_win.cc(233)] ReadMemory at 0x7ffc91430000 of 64 bytes failed: Somente uma parte de um pedido ReadProcessMemory ou WriteProcessMemory foi concluída. (0x12B)
[1003/204236:WARNING:pe_image_reader.cc(281)] could not read dos header from C:\WINDOWS\SYSTEM32\bcrypt.dll
[1003/204236:ERROR:process_reader_win.cc(233)] ReadMemory at 0x7ffc8d060000 of 64 bytes failed: Somente uma parte de um pedido ReadProcessMemory ou WriteProcessMemory foi concluída. (0x12B)
[1003/204236:WARNING:pe_image_reader.cc(281)] could not read dos header from C:\WINDOWS\SYSTEM32\WINSPOOL.DRV
[1003/204236:ERROR:process_reader_win.cc(233)] ReadMemory at 0x7ffc8a600000 of 64 bytes failed: Somente uma parte de um pedido ReadProcessMemory ou WriteProcessMemory foi concluída. (0x12B)
[1003/204236:WARNING:pe_image_reader.cc(281)] could not read dos header from C:\WINDOWS\WinSxS\amd64_microsoft.windows.common-controls_6595b64144ccf1df_6.0.14393.0_none_2d0f50fcbdb171b8\COMCTL32.dll
[1003/204236:ERROR:process_reader_win.cc(233)] ReadMemory at 0x7ffc93360000 of 64 bytes failed: Somente uma parte de um pedido ReadProcessMemory ou WriteProcessMemory foi concluída. (0x12B)
[1003/204236:WARNING:pe_image_reader.cc(281)] could not read dos header from C:\WINDOWS\System32\COMDLG32.dll
[1003/204236:ERROR:process_reader_win.cc(233)] ReadMemory at 0x7ffc90990000 of 64 bytes failed: Somente uma parte de um pedido ReadProcessMemory ou WriteProcessMemory foi concluída. (0x12B)
[1003/204236:WARNING:pe_image_reader.cc(281)] could not read dos header from C:\WINDOWS\SYSTEM32\IPHLPAPI.DLL
[1003/204236:ERROR:process_reader_win.cc(233)] ReadMemory at 0x7ffc92b30000 of 64 bytes failed: Somente uma parte de um pedido ReadProcessMemory ou WriteProcessMemory foi concluída. (0x12B)
[1003/204236:WARNING:pe_image_reader.cc(281)] could not read dos header from C:\WINDOWS\System32\WS2_32.dll
[1003/204236:ERROR:process_reader_win.cc(233)] ReadMemory at 0x7ffc8c040000 of 64 bytes failed: Somente uma parte de um pedido ReadProcessMemory ou WriteProcessMemory foi concluída. (0x12B)
[1003/204236:WARNING:pe_image_reader.cc(281)] could not read dos header from C:\WINDOWS\SYSTEM32\USP10.dll
[1003/204236:ERROR:process_reader_win.cc(233)] ReadMemory at 0x7ffc91510000 of 64 bytes failed: Somente uma parte de um pedido ReadProcessMemory ou WriteProcessMemory foi concluída. (0x12B)
[1003/204236:WARNING:pe_image_reader.cc(281)] could not read dos header from C:\WINDOWS\System32\MSASN1.dll
[1003/204236:ERROR:process_reader_win.cc(233)] ReadMemory at 0x7ffc923e0000 of 64 bytes failed: Somente uma parte de um pedido ReadProcessMemory ou WriteProcessMemory foi concluída. (0x12B)
[1003/204236:WARNING:pe_image_reader.cc(281)] could not read dos header from C:\WINDOWS\System32\CRYPT32.dll
[1003/204236:ERROR:process_reader_win.cc(233)] ReadMemory at 0x7ffc920f0000 of 64 bytes failed: Somente uma parte de um pedido ReadProcessMemory ou WriteProcessMemory foi concluída. (0x12B)
[1003/204236:WARNING:pe_image_reader.cc(281)] could not read dos header from C:\WINDOWS\System32\WINTRUST.dll
[1003/204236:ERROR:process_reader_win.cc(233)] ReadMemory at 0x7ffc8eb10000 of 64 bytes failed: Somente uma parte de um pedido ReadProcessMemory ou WriteProcessMemory foi concluída. (0x12B)
[1003/204236:WARNING:pe_image_reader.cc(281)] could not read dos header from C:\WINDOWS\SYSTEM32\Secur32.dll
[1003/204236:ERROR:process_reader_win.cc(233)] ReadMemory at 0x7ffc5ade0000 of 64 bytes failed: Somente uma parte de um pedido ReadProcessMemory ou WriteProcessMemory foi concluída. (0x12B)
[1003/204236:WARNING:pe_image_reader.cc(281)] could not read dos header from C:\Program Files (x86)\Google\Chrome\Application\53.0.2785.116\chrome_child.dll
[1003/204236:ERROR:process_reader_win.cc(233)] ReadMemory at 0x7ffc8b620000 of 64 bytes failed: Somente uma parte de um pedido ReadProcessMemory ou WriteProcessMemory foi concluída. (0x12B)
[1003/204236:WARNING:pe_image_reader.cc(281)] could not read dos header from C:\WINDOWS\SYSTEM32\dwrite.dll
[1003/204236:WARNING:in_range_cast.h(38)] value 2948691268798 out of range
[1003/204236:WARNING:in_range_cast.h(38)] value 2948691268154 out of range
[1003/204236:WARNING:in_range_cast.h(38)] value 2948691270922 out of range
[1003/204236:WARNING:in_range_cast.h(38)] value 2948691267086 out of range
[1003/204236:WARNING:in_range_cast.h(38)] value 2948691267344 out of range
[1003/204236:ERROR:process_reader_win.cc(233)] ReadMemory at 0x7ff7025a0000 of 64 bytes failed: Somente uma parte de um pedido ReadProcessMemory ou WriteProcessMemory foi concluída. (0x12B)
[1003/204236:WARNING:pe_image_reader.cc(281)] could not read dos header from C:\Program Files (x86)\Google\Chrome\Application\chrome.exe
[1003/204236:ERROR:process_reader_win.cc(233)] ReadMemory at 0x7ffc95090000 of 64 bytes failed: Somente uma parte de um pedido ReadProcessMemory ou WriteProcessMemory foi concluída. (0x12B)
[1003/204236:WARNING:pe_image_reader.cc(281)] could not read dos header from C:\WINDOWS\SYSTEM32\ntdll.dll
[1003/204236:ERROR:process_reader_win.cc(233)] ReadMemory at 0x7ffc91ed0000 of 64 bytes failed: Somente uma parte de um pedido ReadProcessMemory ou WriteProcessMemory foi concluída. (0x12B)
[1003/204236:WARNING:pe_image_reader.cc(281)] could not read dos header from C:\WINDOWS\System32\KERNELBASE.dll
[1003/204236:ERROR:process_reader_win.cc(233)] ReadMemory at 0x7ffc94c30000 of 64 bytes failed: Somente uma parte de um pedido ReadProcessMemory ou WriteProcessMemory foi concluída. (0x12B)
[1003/204236:WARNING:pe_image_reader.cc(281)] could not read dos header from C:\WINDOWS\System32\KERNEL32.DLL
[1003/204236:ERROR:process_reader_win.cc(233)] ReadMemory at 0x7ffc8fae0000 of 64 bytes failed: Somente uma parte de um pedido ReadProcessMemory ou WriteProcessMemory foi concluída. (0x12B)
[1003/204236:WARNING:pe_image_reader.cc(281)] could not read dos header from C:\WINDOWS\system32\apphelp.dll
[1003/204236:ERROR:process_reader_win.cc(233)] ReadMemory at 0x7ffc8b5c0000 of 64 bytes failed: Somente uma parte de um pedido ReadProcessMemory ou WriteProcessMemory foi concluída. (0x12B)
[1003/204236:WARNING:pe_image_reader.cc(281)] could not read dos header from C:\WINDOWS\AppPatch\AppPatch64\AcGenral.dll
[1003/204236:ERROR:process_reader_win.cc(233)] ReadMemory at 0x7ffc92c10000 of 64 bytes failed: Somente uma parte de um pedido ReadProcessMemory ou WriteProcessMemory foi concluída. (0x12B)
[1003/204236:WARNING:pe_image_reader.cc(281)] could not read dos header from C:\WINDOWS\System32\msvcrt.dll
[1003/204236:ERROR:process_reader_win.cc(233)] ReadMemory at 0x7ffc94db0000 of 64 bytes failed: Somente uma parte de um pedido ReadProcessMemory ou WriteProcessMemory foi concluída. (0x12B)
[1003/204236:WARNING:pe_image_reader.cc(281)] could not read dos header from C:\WINDOWS\System32\RPCRT4.dll
[1003/204236:ERROR:process_reader_win.cc(233)] ReadMemory at 0x7ffc92ad0000 of 64 bytes failed: Somente uma parte de um pedido ReadProcessMemory ou WriteProcessMemory foi concluída. (0x12B)
[1003/204236:WARNING:pe_image_reader.cc(281)] could not read dos header from C:\WINDOWS\System32\sechost.dll
[1003/204236:ERROR:process_reader_win.cc(233)] ReadMemory at 0x7ffc91160000 of 64 bytes failed: Somente uma parte de um pedido ReadProcessMemory ou WriteProcessMemory foi concluída. (0x12B)
[1003/204236:WARNING:pe_image_reader.cc(281)] could not read dos header from C:\WINDOWS\SYSTEM32\SspiCli.dll
[1003/204236:ERROR:process_reader_win.cc(233)] ReadMemory at 0x7ffc91d30000 of 64 bytes failed: Somente uma parte de um pedido ReadProcessMemory ou WriteProcessMemory foi concluída. (0x12B)
[1003/204236:WARNING:pe_image_reader.cc(281)] could not read dos header from C:\WINDOWS\System32\ucrtbase.dll
[1003/204236:ERROR:process_reader_win.cc(233)] ReadMemory at 0x7ffc925b0000 of 64 bytes failed: Somente uma parte de um pedido ReadProcessMemory ou WriteProcessMemory foi concluída. (0x12B)
[1003/204236:WARNING:pe_image_reader.cc(281)] could not read dos header from C:\WINDOWS\System32\bcryptPrimitives.dll
[1003/204236:ERROR:process_reader_win.cc(233)] ReadMemory at 0x7ffc92620000 of 64 bytes failed: Somente uma parte de um pedido ReadProcessMemory ou WriteProcessMemory foi concluída. (0x12B)
[1003/204236:WARNING:pe_image_reader.cc(281)] could not read dos header from C:\WINDOWS\System32\combase.dll
[1003/204236:ERROR:process_reader_win.cc(233)] ReadMemory at 0x7ffc91630000 of 64 bytes failed: Somente uma parte de um pedido ReadProcessMemory ou WriteProcessMemory foi concluída. (0x12B)
[1003/204236:WARNING:pe_image_reader.cc(281)] could not read dos header from C:\WINDOWS\System32\win32u.dll
[1003/204236:ERROR:process_reader_win.cc(233)] ReadMemory at 0x7ffc931f0000 of 64 bytes failed: Somente uma parte de um pedido ReadProcessMemory ou WriteProcessMemory foi concluída. (0x12B)
[1003/204236:WARNING:pe_image_reader.cc(281)] could not read dos header from C:\WINDOWS\System32\USER32.dll
[1003/204236:ERROR:process_reader_win.cc(233)] ReadMemory at 0x7ffc92150000 of 64 bytes failed: Somente uma parte de um pedido ReadProcessMemory ou WriteProcessMemory foi concluída. (0x12B)
[1003/204236:WARNING:pe_image_reader.cc(281)] could not read dos header from C:\WINDOWS\System32\gdi32full.dll
[1003/204236:ERROR:process_reader_win.cc(233)] ReadMemory at 0x7ffc92a90000 of 64 bytes failed: Somente uma parte de um pedido ReadProcessMemory ou WriteProcessMemory foi concluída. (0x12B)
[1003/204236:WARNING:pe_image_reader.cc(281)] could not read dos header from C:\WINDOWS\System32\GDI32.dll
[1003/204236:ERROR:process_reader_win.cc(233)] ReadMemory at 0x7ffc94d80000 of 64 bytes failed: Somente uma parte de um pedido ReadProcessMemory ou WriteProcessMemory foi concluída. (0x12B)
[1003/204236:WARNING:pe_image_reader.cc(281)] could not read dos header from C:\WINDOWS\System32\IMM32.DLL
[1003/204236:ERROR:process_reader_win.cc(233)] ReadMemory at 0x7ffc95030000 of 64 bytes failed: Somente uma parte de um pedido ReadProcessMemory ou WriteProcessMemory foi concluída. (0x12B)
[1003/204236:WARNING:pe_image_reader.cc(281)] could not read dos header from C:\WINDOWS\System32\SHLWAPI.dll
[1003/204236:ERROR:process_reader_win.cc(233)] ReadMemory at 0x7ffc93470000 of 64 bytes failed: Somente uma parte de um pedido ReadProcessMemory ou WriteProcessMemory foi concluída. (0x12B)
[1003/204236:WARNING:pe_image_reader.cc(281)] could not read dos header from C:\WINDOWS\System32\ole32.dll
[1003/204236:ERROR:process_reader_win.cc(233)] ReadMemory at 0x7ffc922e0000 of 64 bytes failed: Somente uma parte de um pedido ReadProcessMemory ou WriteProcessMemory foi concluída. (0x12B)
[1003/204236:WARNING:pe_image_reader.cc(281)] could not read dos header from C:\WINDOWS\System32\cfgmgr32.dll
[1003/204236:ERROR:process_reader_win.cc(233)] ReadMemory at 0x7ffc91530000 of 64 bytes failed: Somente uma parte de um pedido ReadProcessMemory ou WriteProcessMemory foi concluída. (0x12B)
[1003/204236:WARNING:pe_image_reader.cc(281)] could not read dos header from C:\WINDOWS\System32\powrprof.dll
[1003/204236:ERROR:process_reader_win.cc(233)] ReadMemory at 0x7ffc93140000 of 64 bytes failed: Somente uma parte de um pedido ReadProcessMemory ou WriteProcessMemory foi concluída. (0x12B)
[1003/204236:WARNING:pe_image_reader.cc(281)] could not read dos header from C:\WINDOWS\System32\advapi32.dll
[1003/204236:ERROR:process_reader_win.cc(233)] ReadMemory at 0x7ffc91520000 of 64 bytes failed: Somente uma parte de um pedido ReadProcessMemory ou WriteProcessMemory foi concluída. (0x12B)
[1003/204236:WARNING:pe_image_reader.cc(281)] could not read dos header from C:\WINDOWS\System32\kernel.appcore.dll
[1003/204236:ERROR:process_reader_win.cc(233)] ReadMemory at 0x7ffc92330000 of 64 bytes failed: Somente uma parte de um pedido ReadProcessMemory ou WriteProcessMemory foi concluída. (0x12B)
[1003/204236:WARNING:pe_image_reader.cc(281)] could not read dos header from C:\WINDOWS\System32\shcore.dll
[1003/204236:ERROR:process_reader_win.cc(233)] ReadMemory at 0x7ffc914f0000 of 64 bytes failed: Somente uma parte de um pedido ReadProcessMemory ou WriteProcessMemory foi concluída. (0x12B)
[1003/204236:WARNING:pe_image_reader.cc(281)] could not read dos header from C:\WINDOWS\System32\profapi.dll
[1003/204236:ERROR:process_reader_win.cc(233)] ReadMemory at 0x7ffc91650000 of 64 bytes failed: Somente uma parte de um pedido ReadProcessMemory ou WriteProcessMemory foi concluída. (0x12B)
[1003/204236:WARNING:pe_image_reader.cc(281)] could not read dos header from C:\WINDOWS\System32\windows.storage.dll
[1003/204236:ERROR:process_reader_win.cc(233)] ReadMemory at 0x7ffc93720000 of 64 bytes failed: Somente uma parte de um pedido ReadProcessMemory ou WriteProcessMemory foi concluída. (0x12B)
[1003/204236:WARNING:pe_image_reader.cc(281)] could not read dos header from C:\WINDOWS\System32\SHELL32.dll
[1003/204236:ERROR:process_reader_win.cc(233)] ReadMemory at 0x7ffc90e40000 of 64 bytes failed: Somente uma parte de um pedido ReadProcessMemory ou WriteProcessMemory foi concluída. (0x12B)
[1003/204236:WARNING:pe_image_reader.cc(281)] could not read dos header from C:\WINDOWS\SYSTEM32\USERENV.dll
[1003/204236:ERROR:process_reader_win.cc(233)] ReadMemory at 0x7ffc8d510000 of 64 bytes failed: Somente uma parte de um pedido ReadProcessMemory ou WriteProcessMemory foi concluída. (0x12B)
[1003/204236:WARNING:pe_image_reader.cc(281)] could not read dos header from C:\WINDOWS\SYSTEM32\MPR.dll
[1003/204236:ERROR:process_reader_win.cc(233)] ReadMemory at 0x7ffc90f80000 of 64 bytes failed: Somente uma parte de um pedido ReadProcessMemory ou WriteProcessMemory foi concluída. (0x12B)
[1003/204236:WARNING:pe_image_reader.cc(281)] could not read dos header from C:\WINDOWS\SYSTEM32\CRYPTBASE.DLL
[1003/204236:ERROR:process_reader_win.cc(233)] ReadMemory at 0x7ffc8b560000 of 64 bytes failed: Somente uma parte de um pedido ReadProcessMemory ou WriteProcessMemory foi concluída. (0x12B)
[1003/204236:WARNING:pe_image_reader.cc(281)] could not read dos header from C:\Program Files (x86)\Google\Chrome\Application\53.0.2785.116\chrome_elf.dll
[1003/204236:ERROR:process_reader_win.cc(233)] ReadMemory at 0x7ffc8d6e0000 of 64 bytes failed: Somente uma parte de um pedido ReadProcessMemory ou WriteProcessMemory foi concluída. (0x12B)
[1003/204236:WARNING:pe_image_reader.cc(281)] could not read dos header from C:\WINDOWS\SYSTEM32\VERSION.dll
[1003/204236:ERROR:process_reader_win.cc(233)] ReadMemory at 0x7ffc8f840000 of 64 bytes failed: Somente uma parte de um pedido ReadProcessMemory ou WriteProcessMemory foi concluída. (0x12B)
[1003/204236:WARNING:pe_image_reader.cc(281)] could not read dos header from C:\WINDOWS\SYSTEM32\WINMMBASE.dll
[1003/204236:ERROR:process_reader_win.cc(233)] ReadMemory at 0x7ffc8f8a0000 of 64 bytes failed: Somente uma parte de um pedido ReadProcessMemory ou WriteProcessMemory foi concluída. (0x12B)
[1003/204236:WARNING:pe_image_reader.cc(281)] could not read dos header from C:\WINDOWS\SYSTEM32\WINMM.dll
[1003/204236:ERROR:process_reader_win.cc(233)] ReadMemory at 0x7ffc8f160000 of 64 bytes failed: Somente uma parte de um pedido ReadProcessMemory ou WriteProcessMemory foi concluída. (0x12B)
[1003/204236:WARNING:pe_image_reader.cc(281)] could not read dos header from C:\WINDOWS\SYSTEM32\WTSAPI32.dll
[1003/204236:ERROR:process_reader_win.cc(233)] ReadMemory at 0x7ffc85720000 of 64 bytes failed: Somente uma parte de um pedido ReadProcessMemory ou WriteProcessMemory foi concluída. (0x12B)
[1003/204236:WARNING:pe_image_reader.cc(281)] could not read dos header from C:\WINDOWS\SYSTEM32\WINHTTP.dll
[1003/204236:ERROR:process_reader_win.cc(233)] ReadMemory at 0x7ffc91e30000 of 64 bytes failed: Somente uma parte de um pedido ReadProcessMemory ou WriteProcessMemory foi concluída. (0x12B)
[1003/204236:WARNING:pe_image_reader.cc(281)] could not read dos header from C:\WINDOWS\System32\msvcp_win.dll
[1003/204236:ERROR:process_reader_win.cc(233)] ReadMemory at 0x7ffc94f70000 of 64 bytes failed: Somente uma parte de um pedido ReadProcessMemory ou WriteProcessMemory foi concluída. (0x12B)
[1003/204236:WARNING:pe_image_reader.cc(281)] could not read dos header from C:\WINDOWS\System32\OLEAUT32.dll
[1003/204236:ERROR:process_reader_win.cc(233)] ReadMemory at 0x7ffc8c080000 of 64 bytes failed: Somente uma parte de um pedido ReadProcessMemory ou WriteProcessMemory foi concluída. (0x12B)
[1003/204236:WARNING:pe_image_reader.cc(281)] could not read dos header from C:\WINDOWS\SYSTEM32\ninput.dll
[1003/204236:ERROR:process_reader_win.cc(233)] ReadMemory at 0x7ffc93460000 of 64 bytes failed: Somente uma parte de um pedido ReadProcessMemory ou WriteProcessMemory foi concluída. (0x12B)
[1003/204236:WARNING:pe_image_reader.cc(281)] could not read dos header from C:\WINDOWS\System32\PSAPI.DLL
[1003/204236:ERROR:process_reader_win.cc(233)] ReadMemory at 0x7ffc91430000 of 64 bytes failed: Somente uma parte de um pedido ReadProcessMemory ou WriteProcessMemory foi concluída. (0x12B)
[1003/204236:WARNING:pe_image_reader.cc(281)] could not read dos header from C:\WINDOWS\SYSTEM32\bcrypt.dll
[1003/204236:ERROR:process_reader_win.cc(233)] ReadMemory at 0x7ffc8d060000 of 64 bytes failed: Somente uma parte de um pedido ReadProcessMemory ou WriteProcessMemory foi concluída. (0x12B)
[1003/204236:WARNING:pe_image_reader.cc(281)] could not read dos header from C:\WINDOWS\SYSTEM32\WINSPOOL.DRV
[1003/204236:ERROR:process_reader_win.cc(233)] ReadMemory at 0x7ffc8a600000 of 64 bytes failed: Somente uma parte de um pedido ReadProcessMemory ou WriteProcessMemory foi concluída. (0x12B)
[1003/204236:WARNING:pe_image_reader.cc(281)] could not read dos header from C:\WINDOWS\WinSxS\amd64_microsoft.windows.common-controls_6595b64144ccf1df_6.0.14393.0_none_2d0f50fcbdb171b8\COMCTL32.dll
[1003/204236:ERROR:process_reader_win.cc(233)] ReadMemory at 0x7ffc93360000 of 64 bytes failed: Somente uma parte de um pedido ReadProcessMemory ou WriteProcessMemory foi concluída. (0x12B)
[1003/204236:WARNING:pe_image_reader.cc(281)] could not read dos header from C:\WINDOWS\System32\COMDLG32.dll
[1003/204236:ERROR:process_reader_win.cc(233)] ReadMemory at 0x7ffc90990000 of 64 bytes failed: Somente uma parte de um pedido ReadProcessMemory ou WriteProcessMemory foi concluída. (0x12B)
[1003/204236:WARNING:pe_image_reader.cc(281)] could not read dos header from C:\WINDOWS\SYSTEM32\IPHLPAPI.DLL
[1003/204236:ERROR:process_reader_win.cc(233)] ReadMemory at 0x7ffc92b30000 of 64 bytes failed: Somente uma parte de um pedido ReadProcessMemory ou WriteProcessMemory foi concluída. (0x12B)
[1003/204236:WARNING:pe_image_reader.cc(281)] could not read dos header from C:\WINDOWS\System32\WS2_32.dll
[1003/204236:ERROR:process_reader_win.cc(233)] ReadMemory at 0x7ffc8c040000 of 64 bytes failed: Somente uma parte de um pedido ReadProcessMemory ou WriteProcessMemory foi concluída. (0x12B)
[1003/204236:WARNING:pe_image_reader.cc(281)] could not read dos header from C:\WINDOWS\SYSTEM32\USP10.dll
[1003/204236:ERROR:process_reader_win.cc(233)] ReadMemory at 0x7ffc91510000 of 64 bytes failed: Somente uma parte de um pedido ReadProcessMemory ou WriteProcessMemory foi concluída. (0x12B)
[1003/204236:WARNING:pe_image_reader.cc(281)] could not read dos header from C:\WINDOWS\System32\MSASN1.dll
[1003/204236:ERROR:process_reader_win.cc(233)] ReadMemory at 0x7ffc923e0000 of 64 bytes failed: Somente uma parte de um pedido ReadProcessMemory ou WriteProcessMemory foi concluída. (0x12B)
[1003/204236:WARNING:pe_image_reader.cc(281)] could not read dos header from C:\WINDOWS\System32\CRYPT32.dll
[1003/204236:ERROR:process_reader_win.cc(233)] ReadMemory at 0x7ffc920f0000 of 64 bytes failed: Somente uma parte de um pedido ReadProcessMemory ou WriteProcessMemory foi concluída. (0x12B)
[1003/204236:WARNING:pe_image_reader.cc(281)] could not read dos header from C:\WINDOWS\System32\WINTRUST.dll
[1003/204236:ERROR:process_reader_win.cc(233)] ReadMemory at 0x7ffc8eb10000 of 64 bytes failed: Somente uma parte de um pedido ReadProcessMemory ou WriteProcessMemory foi concluída. (0x12B)
[1003/204236:WARNING:pe_image_reader.cc(281)] could not read dos header from C:\WINDOWS\SYSTEM32\Secur32.dll
[1003/204236:ERROR:process_reader_win.cc(233)] ReadMemory at 0x7ffc5ade0000 of 64 bytes failed: Somente uma parte de um pedido ReadProcessMemory ou WriteProcessMemory foi concluída. (0x12B)
[1003/204236:WARNING:pe_image_reader.cc(281)] could not read dos header from C:\Program Files (x86)\Google\Chrome\Application\53.0.2785.116\chrome_child.dll
[1003/204236:ERROR:process_reader_win.cc(233)] ReadMemory at 0x7ffc8b620000 of 64 bytes failed: Somente uma parte de um pedido ReadProcessMemory ou WriteProcessMemory foi concluída. (0x12B)
[1003/204236:WARNING:pe_image_reader.cc(281)] could not read dos header from C:\WINDOWS\SYSTEM32\dwrite.dll
[1003/204236:ERROR:process_reader_win.cc(233)] ReadMemory at 0xc1a23ee000 of 73728 bytes failed: Somente uma parte de um pedido ReadProcessMemory ou WriteProcessMemory foi concluída. (0x12B)
[1003/204236:ERROR:crash_report_exception_handler.cc(98)] WriteEverything failed
[1003/204236:ERROR:scoped_process_suspend.cc(38)] NtResumeProcess: Tentou-se acessar um processo de saída.  (0xc000010a)
[1028/162445:ERROR:crash_report_database_win.cc(562)] CreateDirectory C:\Program Files (x86)\Coldold\Reports\Dump: O sistema não pode encontrar o caminho especificado. (0x3)
[1028/162445:ERROR:registration_protocol_win.cc(82)] TransactNamedPipe: O pipe foi finalizado. (0x6D)
[1028/162445:ERROR:crash_report_database_win.cc(562)] CreateDirectory C:\Program Files (x86)\Coldold\Reports\Dump: O sistema não pode encontrar o caminho especificado. (0x3)
